<?xml version="1.0" encoding="UTF-8"?>
<!-- Generated by org.testng.reporters.JUnitReportReporter -->
<testsuite skipped="0" hostname="SonaliKhopde" name="demoWebShop.TestNGDemoWebshop" tests="1" failures="0" timestamp="2021-01-04T09:56:03 IST" time="13.316" errors="0">
  <testcase name="CameraList" time="13.316" classname="demoWebShop.TestNGDemoWebshop"/>
  <system-out/>
</testsuite> <!-- demoWebShop.TestNGDemoWebshop -->
