<?xml version="1.0" encoding="UTF-8"?>
<!-- Generated by org.testng.reporters.JUnitReportReporter -->
<testsuite skipped="0" hostname="SonaliKhopde" name="demoWebShop.TestNGDemoWebshop_Set2" tests="1" failures="0" timestamp="2021-01-06T11:18:00 IST" time="16.075" errors="0">
  <testcase name="CameraList" time="16.075" classname="demoWebShop.TestNGDemoWebshop_Set2"/>
  <system-out/>
</testsuite> <!-- demoWebShop.TestNGDemoWebshop_Set2 -->
